{"name": "Проверить, что при создании нового заказа счётчик выполнено за всё время увеличивается", "status": "failed", "statusDetails": {"message": "AssertionError: assert '162364' < '162364'", "trace": "self = <tests.test_order_feed_siction.TestOrderFeedSection object at 0x000001D5825423C0>\ndriver = <selenium.webdriver.firefox.webdriver.WebDriver (session=\"806553e4-c7b2-4113-a652-e5c71e3612ff\")>\n\n    @allure.title('Проверить, что при создании нового заказа счётчик выполнено за всё время увеличивается')\n    @allure.title('Падает тест на Firefox')\n    def test_creating_new_order_completed_counter_increases(self, driver):\n        main_page = MainPage(driver)\n        order_feed_page = OrderFeedPage(driver)\n        main_page.click_enter_account()\n        personal_account_page = PersonalAccount(driver)\n        personal_account_page.order_data_form()\n        personal_account_page.click_button_enter_profil()\n        time.sleep(3)\n        main_page.click_order_feed()\n        orders_count = order_feed_page.get_quantity_of_orders()\n        main_page.click_button_designer()\n        time.sleep(3)\n        main_page.adding_igredient_to_purchase()\n        main_page.click_button_make_order()\n        time.sleep(3)\n        main_page.click_button_closet_window_order()\n        time.sleep(3)\n        main_page.click_order_feed()\n        orders_count_2 = order_feed_page.get_quantity_of_orders()\n        time.sleep(2)\n>       assert orders_count < orders_count_2\nE       AssertionError: assert '162364' < '162364'\n\ntests\\test_order_feed_siction.py:66: AssertionError"}, "parameters": [{"name": "driver", "value": "<class 'selenium.webdriver.firefox.webdriver.WebDriver'>"}], "start": 1733521014181, "stop": 1733521038674, "uuid": "bdd0aa6c-0aad-4e29-920c-4b41faa9469b", "historyId": "a0c380c9bd3efd90d468ebd057d0ad9d", "testCaseId": "ec3ba779a24e0ce46e4f59c2eb74a601", "fullName": "tests.test_order_feed_siction.TestOrderFeedSection#test_creating_new_order_completed_counter_increases", "labels": [{"name": "parentSuite", "value": "tests"}, {"name": "suite", "value": "test_order_feed_siction"}, {"name": "subSuite", "value": "TestOrderFeedSection"}, {"name": "host", "value": "DESKTOP-ME9CEU9"}, {"name": "thread", "value": "28204-MainThread"}, {"name": "framework", "value": "pytest"}, {"name": "language", "value": "cpython3"}, {"name": "package", "value": "tests.test_order_feed_siction"}]}