{"name": "Проверить, что заказы пользователя из раздела «История заказов» отображаются на странице «Лента заказов»", "status": "broken", "statusDetails": {"message": "selenium.common.exceptions.TimeoutException: Message: \nStacktrace:\n\tGetHandleVerifier [0x00007FF7D4006CF5+28821]\n\t(No symbol) [0x00007FF7D3F73880]\n\t(No symbol) [0x00007FF7D3E1578A]\n\t(No symbol) [0x00007FF7D3E691BE]\n\t(No symbol) [0x00007FF7D3E694AC]\n\t(No symbol) [0x00007FF7D3EB2647]\n\t(No symbol) [0x00007FF7D3E8F33F]\n\t(No symbol) [0x00007FF7D3EAF412]\n\t(No symbol) [0x00007FF7D3E8F0A3]\n\t(No symbol) [0x00007FF7D3E5A778]\n\t(No symbol) [0x00007FF7D3E5B8E1]\n\tGetHandleVerifier [0x00007FF7D433FCED+3408013]\n\tGetHandleVerifier [0x00007FF7D435745F+3504127]\n\tGetHandleVerifier [0x00007FF7D434B63D+3455453]\n\tGetHandleVerifier [0x00007FF7D40CBDFB+835995]\n\t(No symbol) [0x00007FF7D3F7EB9F]\n\t(No symbol) [0x00007FF7D3F7A854]\n\t(No symbol) [0x00007FF7D3F7A9ED]\n\t(No symbol) [0x00007FF7D3F6A1D9]\n\tBaseThreadInitThunk [0x00007FFF6E3D259D+29]\n\tRtlUserThreadStart [0x00007FFF6FC8AF38+40]", "trace": "self = <tests.test_order_feed_siction.TestOrderFeedSection object at 0x000001D582541C40>\ndriver = <selenium.webdriver.chrome.webdriver.WebDriver (session=\"208213f9bca6485ac2d97e5c4a4892de\")>\n\n    @allure.title('Проверить, что заказы пользователя из раздела «История заказов» отображаются на странице «Лента заказов»')\n    @allure.title('Падает тест. Неверный assert - не смог сделать скролл до нужного элемента')\n    def test_user_history_order_in_order_feed(self, driver):\n        main_page = MainPage(driver)\n        main_page.click_enter_account()\n        personal_account_page = PersonalAccount(driver)\n        personal_account_page.order_data_form()\n        personal_account_page.click_button_enter_profil()\n        main_page.adding_igredient_to_purchase()\n        main_page.click_button_make_order()\n        time.sleep(3)\n        main_page.click_button_closet_window_order()\n        main_page.click_button_personal_account()\n        time.sleep(3)\n        personal_account_page.click_order_history_button()\n        time.sleep(3)\n        order_feed_page = OrderFeedPage(driver)\n        order_id = order_feed_page.get_id_order_card()\n        time.sleep(3)\n        main_page.click_order_feed()\n        #time.sleep(3)\n>       assert order_feed_page.check_id_order_in_feed(order_id)\n\ntests\\test_order_feed_siction.py:41: \n_ _ _ _ _ _ _ _ _ _ _ _ _ _ _ _ _ _ _ _ _ _ _ _ _ _ _ _ _ _ _ _ _ _ _ _ _ _ _ _ _ _ _ _ _ _ _ _ _ _ _ _ _ _ _ _ _ _ _ _ _ _ _ _ _ _ _ _ _ _ _ _ _ _ _ _ _ _ _ _ _ _ _ _ _ _ _ _ _ _\npage_objects\\order_feed_page.py:33: in check_id_order_in_feed\n    self.find_element_with_wait(locator_with_order_id)\npage_objects\\base_page.py:35: in find_element_with_wait\n    self.wait_visibility_of_element(locator)\npage_objects\\base_page.py:31: in wait_visibility_of_element\n    WebDriverWait(self.driver, 10).until(expected_conditions.visibility_of_element_located(locator))\n_ _ _ _ _ _ _ _ _ _ _ _ _ _ _ _ _ _ _ _ _ _ _ _ _ _ _ _ _ _ _ _ _ _ _ _ _ _ _ _ _ _ _ _ _ _ _ _ _ _ _ _ _ _ _ _ _ _ _ _ _ _ _ _ _ _ _ _ _ _ _ _ _ _ _ _ _ _ _ _ _ _ _ _ _ _ _ _ _ _\n\nself = <selenium.webdriver.support.wait.WebDriverWait (session=\"208213f9bca6485ac2d97e5c4a4892de\")>\nmethod = <function visibility_of_element_located.<locals>._predicate at 0x000001D5826C3EC0>, message = ''\n\n    def until(self, method: Callable[[D], Union[Literal[False], T]], message: str = \"\") -> T:\n        \"\"\"Calls the method provided with the driver as an argument until the \\\n        return value does not evaluate to ``False``.\n    \n        :param method: callable(WebDriver)\n        :param message: optional message for :exc:`TimeoutException`\n        :returns: the result of the last call to `method`\n        :raises: :exc:`selenium.common.exceptions.TimeoutException` if timeout occurs\n        \"\"\"\n        screen = None\n        stacktrace = None\n    \n        end_time = time.monotonic() + self._timeout\n        while True:\n            try:\n                value = method(self._driver)\n                if value:\n                    return value\n            except self._ignored_exceptions as exc:\n                screen = getattr(exc, \"screen\", None)\n                stacktrace = getattr(exc, \"stacktrace\", None)\n            if time.monotonic() > end_time:\n                break\n            time.sleep(self._poll)\n>       raise TimeoutException(message, screen, stacktrace)\nE       selenium.common.exceptions.TimeoutException: Message: \nE       Stacktrace:\nE       \tGetHandleVerifier [0x00007FF7D4006CF5+28821]\nE       \t(No symbol) [0x00007FF7D3F73880]\nE       \t(No symbol) [0x00007FF7D3E1578A]\nE       \t(No symbol) [0x00007FF7D3E691BE]\nE       \t(No symbol) [0x00007FF7D3E694AC]\nE       \t(No symbol) [0x00007FF7D3EB2647]\nE       \t(No symbol) [0x00007FF7D3E8F33F]\nE       \t(No symbol) [0x00007FF7D3EAF412]\nE       \t(No symbol) [0x00007FF7D3E8F0A3]\nE       \t(No symbol) [0x00007FF7D3E5A778]\nE       \t(No symbol) [0x00007FF7D3E5B8E1]\nE       \tGetHandleVerifier [0x00007FF7D433FCED+3408013]\nE       \tGetHandleVerifier [0x00007FF7D435745F+3504127]\nE       \tGetHandleVerifier [0x00007FF7D434B63D+3455453]\nE       \tGetHandleVerifier [0x00007FF7D40CBDFB+835995]\nE       \t(No symbol) [0x00007FF7D3F7EB9F]\nE       \t(No symbol) [0x00007FF7D3F7A854]\nE       \t(No symbol) [0x00007FF7D3F7A9ED]\nE       \t(No symbol) [0x00007FF7D3F6A1D9]\nE       \tBaseThreadInitThunk [0x00007FFF6E3D259D+29]\nE       \tRtlUserThreadStart [0x00007FFF6FC8AF38+40]\n\nqa_python\\venv\\Lib\\site-packages\\selenium\\webdriver\\support\\wait.py:105: TimeoutException"}, "parameters": [{"name": "driver", "value": "<class 'selenium.webdriver.chrome.webdriver.WebDriver'>"}], "start": 1733520895047, "stop": 1733520926539, "uuid": "e9a2093b-64a1-42c3-89ad-359948815697", "historyId": "20879fa24b708ad2ed596a2432e6bd3a", "testCaseId": "e20c5edea40aa3303d06c879b2629875", "fullName": "tests.test_order_feed_siction.TestOrderFeedSection#test_user_history_order_in_order_feed", "labels": [{"name": "parentSuite", "value": "tests"}, {"name": "suite", "value": "test_order_feed_siction"}, {"name": "subSuite", "value": "TestOrderFeedSection"}, {"name": "host", "value": "DESKTOP-ME9CEU9"}, {"name": "thread", "value": "28204-MainThread"}, {"name": "framework", "value": "pytest"}, {"name": "language", "value": "cpython3"}, {"name": "package", "value": "tests.test_order_feed_siction"}]}