{"name": "Проверить, что при создании нового заказа счётчик выполнено за сегодня увеличивается", "status": "failed", "statusDetails": {"message": "AssertionError: assert '603' < '603'", "trace": "self = <tests.test_order_feed_siction.TestOrderFeedSection object at 0x000001D5825426C0>\ndriver = <selenium.webdriver.firefox.webdriver.WebDriver (session=\"607e1b16-541a-43be-bf50-dd41bb0f8d42\")>\n\n    @allure.title('Проверить, что при создании нового заказа счётчик выполнено за сегодня увеличивается')\n    @allure.title('Падает тест на Firefox')\n    def test_new_order_counter_completed_today_increasing(self, driver):\n        main_page = MainPage(driver)\n        order_feed_page = OrderFeedPage(driver)\n        time.sleep(3)\n        main_page.click_enter_account()\n        personal_account_page = PersonalAccount(driver)\n        personal_account_page.order_data_form()\n        personal_account_page.click_button_enter_profil()\n        time.sleep(3)\n        main_page.click_order_feed()\n        orders_count = order_feed_page.get_daily_quantity_of_orders()\n        main_page.click_button_designer()\n        time.sleep(3)\n        main_page.adding_igredient_to_purchase()\n        main_page.click_button_make_order()\n        time.sleep(3)\n        main_page.click_button_closet_window_order()\n        time.sleep(3)\n        main_page.click_order_feed()\n        orders_count_2 = order_feed_page.get_daily_quantity_of_orders()\n        time.sleep(2)\n>       assert orders_count < orders_count_2\nE       AssertionError: assert '603' < '603'\n\ntests\\test_order_feed_siction.py:91: AssertionError"}, "parameters": [{"name": "driver", "value": "<class 'selenium.webdriver.firefox.webdriver.WebDriver'>"}], "start": 1733521108453, "stop": 1733521135899, "uuid": "ea8e4332-0cdb-44d8-b3fc-9489b97a491f", "historyId": "235f88c92590c301ccff05fc0aa45b79", "testCaseId": "3a05e647d6097a37f477a0f307f760e4", "fullName": "tests.test_order_feed_siction.TestOrderFeedSection#test_new_order_counter_completed_today_increasing", "labels": [{"name": "parentSuite", "value": "tests"}, {"name": "suite", "value": "test_order_feed_siction"}, {"name": "subSuite", "value": "TestOrderFeedSection"}, {"name": "host", "value": "DESKTOP-ME9CEU9"}, {"name": "thread", "value": "28204-MainThread"}, {"name": "framework", "value": "pytest"}, {"name": "language", "value": "cpython3"}, {"name": "package", "value": "tests.test_order_feed_siction"}]}