{"name": "Проверить, что после оформления заказа его номер появляется в разделе в работе", "status": "broken", "statusDetails": {"message": "selenium.common.exceptions.TimeoutException: Message:", "trace": "self = <tests.test_order_feed_siction.TestOrderFeedSection object at 0x0000015A94D74D10>\ndriver = <selenium.webdriver.firefox.webdriver.WebDriver (session=\"7fad5542-df2b-401f-921c-326d21a5d501\")>\n\n    @allure.title('Проверить, что после оформления заказа его номер появляется в разделе в работе')\n    @allure.title('Номер заказа не появляется в разделе в работе в Firefox, тест падает')\n    def test_order_number_section_work(self, driver):\n        main_page = MainPage(driver)\n        time.sleep(2)\n        main_page.click_enter_account()\n        personal_account_page = PersonalAccount(driver)\n        time.sleep(2)\n        personal_account_page.order_data_form()\n        personal_account_page.click_button_enter_profil()\n        main_page.adding_igredient_to_purchase()\n        main_page.click_button_make_order()\n        time.sleep(2)\n>       main_page.get_number_of_order_in_modal_confirmation()\n\ntests\\test_order_feed_siction.py:105: \n_ _ _ _ _ _ _ _ _ _ _ _ _ _ _ _ _ _ _ _ _ _ _ _ _ _ _ _ _ _ _ _ _ _ _ _ _ _ _ _ _ _ _ _ _ _ _ _ _ _ _ _ _ _ _ _ _ _ _ _ _ _ _ _ _ _ _ _ _ _ _ _ _ _ _ _ _ _ _ _ _ _ _ _ _ _ _ _ _ _\npage_objects\\main_page.py:89: in get_number_of_order_in_modal_confirmation\n    self.wait_for_element_to_change_text(MainPageLocators.number_of_order_in_modal_confirmation, '9999')\npage_objects\\base_page.py:48: in wait_for_element_to_change_text\n    return WebDriverWait(self.driver, 10).until_not(expected_conditions.text_to_be_present_in_element(locator, value))\n_ _ _ _ _ _ _ _ _ _ _ _ _ _ _ _ _ _ _ _ _ _ _ _ _ _ _ _ _ _ _ _ _ _ _ _ _ _ _ _ _ _ _ _ _ _ _ _ _ _ _ _ _ _ _ _ _ _ _ _ _ _ _ _ _ _ _ _ _ _ _ _ _ _ _ _ _ _ _ _ _ _ _ _ _ _ _ _ _ _\n\nself = <selenium.webdriver.support.wait.WebDriverWait (session=\"7fad5542-df2b-401f-921c-326d21a5d501\")>\nmethod = <function text_to_be_present_in_element.<locals>._predicate at 0x0000015A94EB3100>, message = ''\n\n    def until_not(self, method: Callable[[D], T], message: str = \"\") -> Union[T, Literal[True]]:\n        \"\"\"Calls the method provided with the driver as an argument until the \\\n        return value evaluates to ``False``.\n    \n        :param method: callable(WebDriver)\n        :param message: optional message for :exc:`TimeoutException`\n        :returns: the result of the last call to `method`, or\n                  ``True`` if `method` has raised one of the ignored exceptions\n        :raises: :exc:`selenium.common.exceptions.TimeoutException` if timeout occurs\n        \"\"\"\n        end_time = time.monotonic() + self._timeout\n        while True:\n            try:\n                value = method(self._driver)\n                if not value:\n                    return value\n            except self._ignored_exceptions:\n                return True\n            if time.monotonic() > end_time:\n                break\n            time.sleep(self._poll)\n>       raise TimeoutException(message)\nE       selenium.common.exceptions.TimeoutException: Message:\n\nqa_python\\venv\\Lib\\site-packages\\selenium\\webdriver\\support\\wait.py:128: TimeoutException"}, "steps": [{"name": "нажать на кнопку Войти в аккаунт", "status": "passed", "steps": [{"name": "кликнуть по элементу (для Firefox)", "status": "passed", "steps": [{"name": "проверить кликабельность элемента", "status": "passed", "parameters": [{"name": "locator", "value": "('xpath', './/button[text() = \"Войти в аккаунт\"]')"}], "start": 1733612269163, "stop": 1733612269163}], "parameters": [{"name": "locator", "value": "('xpath', './/button[text() = \"Войти в аккаунт\"]')"}], "start": 1733612269163, "stop": 1733612269463}], "start": 1733612269143, "stop": 1733612269463}, {"name": "заполнение полей в профиле", "status": "passed", "steps": [{"name": "кликнуть по элементу (для Firefox)", "status": "passed", "steps": [{"name": "проверить кликабельность элемента", "status": "passed", "parameters": [{"name": "locator", "value": "('class name', 'input__textfield')"}], "start": 1733612271471, "stop": 1733612271480}], "parameters": [{"name": "locator", "value": "('class name', 'input__textfield')"}], "start": 1733612271471, "stop": 1733612271785}, {"name": "кликнуть по элементу (для Firefox)", "status": "passed", "steps": [{"name": "проверить кликабельность элемента", "status": "passed", "parameters": [{"name": "locator", "value": "('css selector', '.input_type_password .input__textfield')"}], "start": 1733612271830, "stop": 1733612271830}], "parameters": [{"name": "locator", "value": "('css selector', '.input_type_password .input__textfield')"}], "start": 1733612271830, "stop": 1733612272114}], "start": 1733612271471, "stop": 1733612272114}, {"name": "нажать на кнопку войти", "status": "passed", "steps": [{"name": "кликнуть по элементу (для Firefox)", "status": "passed", "steps": [{"name": "проверить кликабельность элемента", "status": "passed", "parameters": [{"name": "locator", "value": "('xpath', '//button[text() = \"Войти\"]')"}], "start": 1733612272114, "stop": 1733612272129}], "parameters": [{"name": "locator", "value": "('xpath', '//button[text() = \"Войти\"]')"}], "start": 1733612272114, "stop": 1733612272428}], "start": 1733612272114, "stop": 1733612272428}, {"name": "добавить ингредиент для покупки", "status": "passed", "steps": [{"name": "перетащить элемент", "status": "passed", "parameters": [{"name": "source_element", "value": "<selenium.webdriver.remote.webelement.WebElement (session=\"7fad5542-df2b-401f-921c-326d21a5d501\", element=\"748351ad-9b16-4dfa-a046-a3becd1e5e8b\")>"}, {"name": "target_element", "value": "<selenium.webdriver.remote.webelement.WebElement (session=\"7fad5542-df2b-401f-921c-326d21a5d501\", element=\"6c656ae3-f025-409c-a55d-e9d5663104b0\")>"}], "start": 1733612272946, "stop": 1733612278491}], "start": 1733612272428, "stop": 1733612278491}, {"name": "нажать на кнопку оформить заказ", "status": "passed", "steps": [{"name": "кликнуть по элементу (для Firefox)", "status": "passed", "steps": [{"name": "проверить кликабельность элемента", "status": "passed", "parameters": [{"name": "locator", "value": "('xpath', '//button[text()=\"Оформить заказ\"]')"}], "start": 1733612278492, "stop": 1733612278506}], "parameters": [{"name": "locator", "value": "('xpath', '//button[text()=\"Оформить заказ\"]')"}], "start": 1733612278491, "stop": 1733612278766}], "start": 1733612278491, "stop": 1733612278766}, {"name": "получить номер в окне о создании заказа", "status": "broken", "statusDetails": {"message": "selenium.common.exceptions.TimeoutException: Message: \n\n", "trace": "  File \"C:\\Users\\Vova\\PycharmProjects\\Diplom_3\\qa_python\\venv\\Lib\\site-packages\\allure_commons\\_allure.py\", line 192, in impl\n    return func(*a, **kw)\n           ^^^^^^^^^^^^^^\n  File \"C:\\Users\\Vova\\PycharmProjects\\Diplom_3\\page_objects\\main_page.py\", line 89, in get_number_of_order_in_modal_confirmation\n    self.wait_for_element_to_change_text(MainPageLocators.number_of_order_in_modal_confirmation, '9999')\n  File \"C:\\Users\\Vova\\PycharmProjects\\Diplom_3\\qa_python\\venv\\Lib\\site-packages\\allure_commons\\_allure.py\", line 192, in impl\n    return func(*a, **kw)\n           ^^^^^^^^^^^^^^\n  File \"C:\\Users\\Vova\\PycharmProjects\\Diplom_3\\page_objects\\base_page.py\", line 48, in wait_for_element_to_change_text\n    return WebDriverWait(self.driver, 10).until_not(expected_conditions.text_to_be_present_in_element(locator, value))\n           ^^^^^^^^^^^^^^^^^^^^^^^^^^^^^^^^^^^^^^^^^^^^^^^^^^^^^^^^^^^^^^^^^^^^^^^^^^^^^^^^^^^^^^^^^^^^^^^^^^^^^^^^^^^\n  File \"C:\\Users\\Vova\\PycharmProjects\\Diplom_3\\qa_python\\venv\\Lib\\site-packages\\selenium\\webdriver\\support\\wait.py\", line 128, in until_not\n    raise TimeoutException(message)\n"}, "steps": [{"name": "подождать смену текста на элементе", "status": "broken", "statusDetails": {"message": "selenium.common.exceptions.TimeoutException: Message: \n\n", "trace": "  File \"C:\\Users\\Vova\\PycharmProjects\\Diplom_3\\qa_python\\venv\\Lib\\site-packages\\allure_commons\\_allure.py\", line 192, in impl\n    return func(*a, **kw)\n           ^^^^^^^^^^^^^^\n  File \"C:\\Users\\Vova\\PycharmProjects\\Diplom_3\\page_objects\\base_page.py\", line 48, in wait_for_element_to_change_text\n    return WebDriverWait(self.driver, 10).until_not(expected_conditions.text_to_be_present_in_element(locator, value))\n           ^^^^^^^^^^^^^^^^^^^^^^^^^^^^^^^^^^^^^^^^^^^^^^^^^^^^^^^^^^^^^^^^^^^^^^^^^^^^^^^^^^^^^^^^^^^^^^^^^^^^^^^^^^^\n  File \"C:\\Users\\Vova\\PycharmProjects\\Diplom_3\\qa_python\\venv\\Lib\\site-packages\\selenium\\webdriver\\support\\wait.py\", line 128, in until_not\n    raise TimeoutException(message)\n"}, "parameters": [{"name": "locator", "value": "('xpath', '//section[contains(@class, \"Modal_modal_opened\")]//h2')"}, {"name": "value", "value": "'9999'"}], "start": 1733612280771, "stop": 1733612290970}], "start": 1733612280771, "stop": 1733612290970}], "parameters": [{"name": "driver", "value": "<class 'selenium.webdriver.firefox.webdriver.WebDriver'>"}], "start": 1733612267143, "stop": 1733612290970, "uuid": "0a8fcacb-7ff5-495e-89cc-05e53de21538", "historyId": "ba3dd4d5d6e86d97c3235ad05ff1217a", "testCaseId": "5b92ab14fca75de63ee030ee575a6076", "fullName": "tests.test_order_feed_siction.TestOrderFeedSection#test_order_number_section_work", "labels": [{"name": "parentSuite", "value": "tests"}, {"name": "suite", "value": "test_order_feed_siction"}, {"name": "subSuite", "value": "TestOrderFeedSection"}, {"name": "host", "value": "DESKTOP-ME9CEU9"}, {"name": "thread", "value": "19200-MainThread"}, {"name": "framework", "value": "pytest"}, {"name": "language", "value": "cpython3"}, {"name": "package", "value": "tests.test_order_feed_siction"}]}