{"name": "Проверить, что заказы пользователя из раздела «История заказов» отображаются на странице «Лента заказов»", "status": "broken", "statusDetails": {"message": "selenium.common.exceptions.TimeoutException: Message: \nStacktrace:\nRemoteError@chrome://remote/content/shared/RemoteError.sys.mjs:8:8\nWebDriverError@chrome://remote/content/shared/webdriver/Errors.sys.mjs:193:5\nNoSuchElementError@chrome://remote/content/shared/webdriver/Errors.sys.mjs:511:5\ndom.find/</<@chrome://remote/content/shared/DOM.sys.mjs:136:16", "trace": "self = <tests.test_order_feed_siction.TestOrderFeedSection object at 0x000001D582542180>\ndriver = <selenium.webdriver.firefox.webdriver.WebDriver (session=\"cfd3d1e8-c666-4180-bf5a-7c729df4baaa\")>\n\n    @allure.title('Проверить, что заказы пользователя из раздела «История заказов» отображаются на странице «Лента заказов»')\n    @allure.title('Падает тест. Неверный assert - не смог сделать скролл до нужного элемента')\n    def test_user_history_order_in_order_feed(self, driver):\n        main_page = MainPage(driver)\n        main_page.click_enter_account()\n        personal_account_page = PersonalAccount(driver)\n        personal_account_page.order_data_form()\n        personal_account_page.click_button_enter_profil()\n        main_page.adding_igredient_to_purchase()\n        main_page.click_button_make_order()\n        time.sleep(3)\n        main_page.click_button_closet_window_order()\n        main_page.click_button_personal_account()\n        time.sleep(3)\n        personal_account_page.click_order_history_button()\n        time.sleep(3)\n        order_feed_page = OrderFeedPage(driver)\n        order_id = order_feed_page.get_id_order_card()\n        time.sleep(3)\n        main_page.click_order_feed()\n        #time.sleep(3)\n>       assert order_feed_page.check_id_order_in_feed(order_id)\n\ntests\\test_order_feed_siction.py:41: \n_ _ _ _ _ _ _ _ _ _ _ _ _ _ _ _ _ _ _ _ _ _ _ _ _ _ _ _ _ _ _ _ _ _ _ _ _ _ _ _ _ _ _ _ _ _ _ _ _ _ _ _ _ _ _ _ _ _ _ _ _ _ _ _ _ _ _ _ _ _ _ _ _ _ _ _ _ _ _ _ _ _ _ _ _ _ _ _ _ _\npage_objects\\order_feed_page.py:33: in check_id_order_in_feed\n    self.find_element_with_wait(locator_with_order_id)\npage_objects\\base_page.py:35: in find_element_with_wait\n    self.wait_visibility_of_element(locator)\npage_objects\\base_page.py:31: in wait_visibility_of_element\n    WebDriverWait(self.driver, 10).until(expected_conditions.visibility_of_element_located(locator))\n_ _ _ _ _ _ _ _ _ _ _ _ _ _ _ _ _ _ _ _ _ _ _ _ _ _ _ _ _ _ _ _ _ _ _ _ _ _ _ _ _ _ _ _ _ _ _ _ _ _ _ _ _ _ _ _ _ _ _ _ _ _ _ _ _ _ _ _ _ _ _ _ _ _ _ _ _ _ _ _ _ _ _ _ _ _ _ _ _ _\n\nself = <selenium.webdriver.support.wait.WebDriverWait (session=\"cfd3d1e8-c666-4180-bf5a-7c729df4baaa\")>\nmethod = <function visibility_of_element_located.<locals>._predicate at 0x000001D5826C2E80>, message = ''\n\n    def until(self, method: Callable[[D], Union[Literal[False], T]], message: str = \"\") -> T:\n        \"\"\"Calls the method provided with the driver as an argument until the \\\n        return value does not evaluate to ``False``.\n    \n        :param method: callable(WebDriver)\n        :param message: optional message for :exc:`TimeoutException`\n        :returns: the result of the last call to `method`\n        :raises: :exc:`selenium.common.exceptions.TimeoutException` if timeout occurs\n        \"\"\"\n        screen = None\n        stacktrace = None\n    \n        end_time = time.monotonic() + self._timeout\n        while True:\n            try:\n                value = method(self._driver)\n                if value:\n                    return value\n            except self._ignored_exceptions as exc:\n                screen = getattr(exc, \"screen\", None)\n                stacktrace = getattr(exc, \"stacktrace\", None)\n            if time.monotonic() > end_time:\n                break\n            time.sleep(self._poll)\n>       raise TimeoutException(message, screen, stacktrace)\nE       selenium.common.exceptions.TimeoutException: Message: \nE       Stacktrace:\nE       RemoteError@chrome://remote/content/shared/RemoteError.sys.mjs:8:8\nE       WebDriverError@chrome://remote/content/shared/webdriver/Errors.sys.mjs:193:5\nE       NoSuchElementError@chrome://remote/content/shared/webdriver/Errors.sys.mjs:511:5\nE       dom.find/</<@chrome://remote/content/shared/DOM.sys.mjs:136:16\n\nqa_python\\venv\\Lib\\site-packages\\selenium\\webdriver\\support\\wait.py:105: TimeoutException"}, "parameters": [{"name": "driver", "value": "<class 'selenium.webdriver.firefox.webdriver.WebDriver'>"}], "start": 1733520943913, "stop": 1733520974955, "uuid": "681fdecd-93f4-4ad1-9242-27fa03f9c3a3", "historyId": "5be2abfee097db62a63d206ad4ca6dd9", "testCaseId": "e20c5edea40aa3303d06c879b2629875", "fullName": "tests.test_order_feed_siction.TestOrderFeedSection#test_user_history_order_in_order_feed", "labels": [{"name": "parentSuite", "value": "tests"}, {"name": "suite", "value": "test_order_feed_siction"}, {"name": "subSuite", "value": "TestOrderFeedSection"}, {"name": "host", "value": "DESKTOP-ME9CEU9"}, {"name": "thread", "value": "28204-MainThread"}, {"name": "framework", "value": "pytest"}, {"name": "language", "value": "cpython3"}, {"name": "package", "value": "tests.test_order_feed_siction"}]}