{"name": "Проверить, что залогиненный пользователь может оформить заказ", "status": "broken", "statusDetails": {"message": "selenium.common.exceptions.TimeoutException: Message: \nStacktrace:\n\tGetHandleVerifier [0x00007FF660EC6CF5+28821]\n\t(No symbol) [0x00007FF660E33880]\n\t(No symbol) [0x00007FF660CD578A]\n\t(No symbol) [0x00007FF660D291BE]\n\t(No symbol) [0x00007FF660D294AC]\n\t(No symbol) [0x00007FF660D72647]\n\t(No symbol) [0x00007FF660D4F33F]\n\t(No symbol) [0x00007FF660D6F412]\n\t(No symbol) [0x00007FF660D4F0A3]\n\t(No symbol) [0x00007FF660D1A778]\n\t(No symbol) [0x00007FF660D1B8E1]\n\tGetHandleVerifier [0x00007FF6611FFCED+3408013]\n\tGetHandleVerifier [0x00007FF66121745F+3504127]\n\tGetHandleVerifier [0x00007FF66120B63D+3455453]\n\tGetHandleVerifier [0x00007FF660F8BDFB+835995]\n\t(No symbol) [0x00007FF660E3EB9F]\n\t(No symbol) [0x00007FF660E3A854]\n\t(No symbol) [0x00007FF660E3A9ED]\n\t(No symbol) [0x00007FF660E2A1D9]\n\tBaseThreadInitThunk [0x00007FFBB71D259D+29]\n\tRtlUserThreadStart [0x00007FFBB82EAF38+40]", "trace": "self = <tests.test_main_functionality.TestMainFunctionality object at 0x0000015A94CFF980>\ndriver = <selenium.webdriver.chrome.webdriver.WebDriver (session=\"b968a368bac0463e024b795d0855aa21\")>\n\n    @allure.title('Проверить, что залогиненный пользователь может оформить заказ')\n    def test_user_makes_order(self, driver):\n        main_page = MainPage(driver)\n        #time.sleep(2)\n        main_page.click_enter_account()\n        personal_account_page = PersonalAccount(driver)\n        personal_account_page.order_data_form()\n        personal_account_page.click_button_enter_profil()\n>       main_page.adding_igredient_to_purchase()\n\ntests\\test_main_functionality.py:56: \n_ _ _ _ _ _ _ _ _ _ _ _ _ _ _ _ _ _ _ _ _ _ _ _ _ _ _ _ _ _ _ _ _ _ _ _ _ _ _ _ _ _ _ _ _ _ _ _ _ _ _ _ _ _ _ _ _ _ _ _ _ _ _ _ _ _ _ _ _ _ _ _ _ _ _ _ _ _ _ _ _ _ _ _ _ _ _ _ _ _\npage_objects\\main_page.py:62: in adding_igredient_to_purchase\n    source = WebDriverWait(self.driver, 6).until(expected_conditions.visibility_of_element_located(MainPageLocators.ingredient))\n_ _ _ _ _ _ _ _ _ _ _ _ _ _ _ _ _ _ _ _ _ _ _ _ _ _ _ _ _ _ _ _ _ _ _ _ _ _ _ _ _ _ _ _ _ _ _ _ _ _ _ _ _ _ _ _ _ _ _ _ _ _ _ _ _ _ _ _ _ _ _ _ _ _ _ _ _ _ _ _ _ _ _ _ _ _ _ _ _ _\n\nself = <selenium.webdriver.support.wait.WebDriverWait (session=\"b968a368bac0463e024b795d0855aa21\")>\nmethod = <function visibility_of_element_located.<locals>._predicate at 0x0000015A94E1BD80>, message = ''\n\n    def until(self, method: Callable[[D], Union[Literal[False], T]], message: str = \"\") -> T:\n        \"\"\"Calls the method provided with the driver as an argument until the \\\n        return value does not evaluate to ``False``.\n    \n        :param method: callable(WebDriver)\n        :param message: optional message for :exc:`TimeoutException`\n        :returns: the result of the last call to `method`\n        :raises: :exc:`selenium.common.exceptions.TimeoutException` if timeout occurs\n        \"\"\"\n        screen = None\n        stacktrace = None\n    \n        end_time = time.monotonic() + self._timeout\n        while True:\n            try:\n                value = method(self._driver)\n                if value:\n                    return value\n            except self._ignored_exceptions as exc:\n                screen = getattr(exc, \"screen\", None)\n                stacktrace = getattr(exc, \"stacktrace\", None)\n            if time.monotonic() > end_time:\n                break\n            time.sleep(self._poll)\n>       raise TimeoutException(message, screen, stacktrace)\nE       selenium.common.exceptions.TimeoutException: Message: \nE       Stacktrace:\nE       \tGetHandleVerifier [0x00007FF660EC6CF5+28821]\nE       \t(No symbol) [0x00007FF660E33880]\nE       \t(No symbol) [0x00007FF660CD578A]\nE       \t(No symbol) [0x00007FF660D291BE]\nE       \t(No symbol) [0x00007FF660D294AC]\nE       \t(No symbol) [0x00007FF660D72647]\nE       \t(No symbol) [0x00007FF660D4F33F]\nE       \t(No symbol) [0x00007FF660D6F412]\nE       \t(No symbol) [0x00007FF660D4F0A3]\nE       \t(No symbol) [0x00007FF660D1A778]\nE       \t(No symbol) [0x00007FF660D1B8E1]\nE       \tGetHandleVerifier [0x00007FF6611FFCED+3408013]\nE       \tGetHandleVerifier [0x00007FF66121745F+3504127]\nE       \tGetHandleVerifier [0x00007FF66120B63D+3455453]\nE       \tGetHandleVerifier [0x00007FF660F8BDFB+835995]\nE       \t(No symbol) [0x00007FF660E3EB9F]\nE       \t(No symbol) [0x00007FF660E3A854]\nE       \t(No symbol) [0x00007FF660E3A9ED]\nE       \t(No symbol) [0x00007FF660E2A1D9]\nE       \tBaseThreadInitThunk [0x00007FFBB71D259D+29]\nE       \tRtlUserThreadStart [0x00007FFBB82EAF38+40]\n\nqa_python\\venv\\Lib\\site-packages\\selenium\\webdriver\\support\\wait.py:105: TimeoutException"}, "steps": [{"name": "нажать на кнопку Войти в аккаунт", "status": "passed", "steps": [{"name": "кликнуть по элементу (для Firefox)", "status": "passed", "steps": [{"name": "проверить кликабельность элемента", "status": "passed", "parameters": [{"name": "locator", "value": "('xpath', './/button[text() = \"Войти в аккаунт\"]')"}], "start": 1733611967695, "stop": 1733611967714}], "parameters": [{"name": "locator", "value": "('xpath', './/button[text() = \"Войти в аккаунт\"]')"}], "start": 1733611967695, "stop": 1733611968000}], "start": 1733611967662, "stop": 1733611968000}, {"name": "заполнение полей в профиле", "status": "passed", "steps": [{"name": "кликнуть по элементу (для Firefox)", "status": "passed", "steps": [{"name": "проверить кликабельность элемента", "status": "passed", "parameters": [{"name": "locator", "value": "('class name', 'input__textfield')"}], "start": 1733611968000, "stop": 1733611968023}], "parameters": [{"name": "locator", "value": "('class name', 'input__textfield')"}], "start": 1733611968000, "stop": 1733611968307}, {"name": "кликнуть по элементу (для Firefox)", "status": "passed", "steps": [{"name": "проверить кликабельность элемента", "status": "passed", "parameters": [{"name": "locator", "value": "('css selector', '.input_type_password .input__textfield')"}], "start": 1733611968383, "stop": 1733611968397}], "parameters": [{"name": "locator", "value": "('css selector', '.input_type_password .input__textfield')"}], "start": 1733611968383, "stop": 1733611968678}], "start": 1733611968000, "stop": 1733611968712}, {"name": "нажать на кнопку войти", "status": "passed", "steps": [{"name": "кликнуть по элементу (для Firefox)", "status": "passed", "steps": [{"name": "проверить кликабельность элемента", "status": "passed", "parameters": [{"name": "locator", "value": "('xpath', '//button[text() = \"Войти\"]')"}], "start": 1733611968712, "stop": 1733611968731}], "parameters": [{"name": "locator", "value": "('xpath', '//button[text() = \"Войти\"]')"}], "start": 1733611968712, "stop": 1733611969004}], "start": 1733611968712, "stop": 1733611969004}, {"name": "добавить ингредиент для покупки", "status": "broken", "statusDetails": {"message": "selenium.common.exceptions.TimeoutException: Message: \nStacktrace:\n\tGetHandleVerifier [0x00007FF660EC6CF5+28821]\n\t(No symbol) [0x00007FF660E33880]\n\t(No symbol) [0x00007FF660CD578A]\n\t(No symbol) [0x00007FF660D291BE]\n\t(No symbol) [0x00007FF660D294AC]\n\t(No symbol) [0x00007FF660D72647]\n\t(No symbol) [0x00007FF660D4F33F]\n\t(No symbol) [0x00007FF660D6F412]\n\t(No symbol) [0x00007FF660D4F0A3]\n\t(No symbol) [0x00007FF660D1A778]\n\t(No symbol) [0x00007FF660D1B8E1]\n\tGetHandleVerifier [0x00007FF6611FFCED+3408013]\n\tGetHandleVerifier [0x00007FF66121745F+3504127]\n\tGetHandleVerifier [0x00007FF66120B63D+3455453]\n\tGetHandleVerifier [0x00007FF660F8BDFB+835995]\n\t(No symbol) [0x00007FF660E3EB9F]\n\t(No symbol) [0x00007FF660E3A854]\n\t(No symbol) [0x00007FF660E3A9ED]\n\t(No symbol) [0x00007FF660E2A1D9]\n\tBaseThreadInitThunk [0x00007FFBB71D259D+29]\n\tRtlUserThreadStart [0x00007FFBB82EAF38+40]\n\n", "trace": "  File \"C:\\Users\\Vova\\PycharmProjects\\Diplom_3\\qa_python\\venv\\Lib\\site-packages\\allure_commons\\_allure.py\", line 192, in impl\n    return func(*a, **kw)\n           ^^^^^^^^^^^^^^\n  File \"C:\\Users\\Vova\\PycharmProjects\\Diplom_3\\page_objects\\main_page.py\", line 62, in adding_igredient_to_purchase\n    source = WebDriverWait(self.driver, 6).until(expected_conditions.visibility_of_element_located(MainPageLocators.ingredient))\n             ^^^^^^^^^^^^^^^^^^^^^^^^^^^^^^^^^^^^^^^^^^^^^^^^^^^^^^^^^^^^^^^^^^^^^^^^^^^^^^^^^^^^^^^^^^^^^^^^^^^^^^^^^^^^^^^^^^^\n  File \"C:\\Users\\Vova\\PycharmProjects\\Diplom_3\\qa_python\\venv\\Lib\\site-packages\\selenium\\webdriver\\support\\wait.py\", line 105, in until\n    raise TimeoutException(message, screen, stacktrace)\n"}, "start": 1733611969004, "stop": 1733611975170}], "parameters": [{"name": "driver", "value": "<class 'selenium.webdriver.chrome.webdriver.WebDriver'>"}], "start": 1733611967661, "stop": 1733611975186, "uuid": "6d77eb7c-838f-4b99-96de-b98cbab98149", "historyId": "a4b551692daea5908f421b0c27de110b", "testCaseId": "2be64613905f9641f366c1e94550e7b2", "fullName": "tests.test_main_functionality.TestMainFunctionality#test_user_makes_order", "labels": [{"name": "parentSuite", "value": "tests"}, {"name": "suite", "value": "test_main_functionality"}, {"name": "subSuite", "value": "TestMainFunctionality"}, {"name": "host", "value": "DESKTOP-ME9CEU9"}, {"name": "thread", "value": "19200-MainThread"}, {"name": "framework", "value": "pytest"}, {"name": "language", "value": "cpython3"}, {"name": "package", "value": "tests.test_main_functionality"}]}